0 info it worked if it ends with ok
1 verbose cli [ 'C:\\Program Files\\nodejs\\node.exe',
1 verbose cli   'C:\\Program Files\\nodejs\\node_modules\\npm\\bin\\npm-cli.js',
1 verbose cli   'install',
1 verbose cli   'body-parser',
1 verbose cli   '--save' ]
2 info using npm@3.3.6
3 info using node@v5.0.0
4 silly loadCurrentTree Starting
5 silly install loadCurrentTree
6 silly install readLocalPackageData
7 silly fetchPackageMetaData body-parser@^1.14.1
8 silly fetchNamedPackageData body-parser
9 silly mapToRegistry name body-parser
10 silly mapToRegistry using default registry
11 silly mapToRegistry registry https://registry.npmjs.org/
12 silly mapToRegistry uri https://registry.npmjs.org/body-parser
13 verbose request uri https://registry.npmjs.org/body-parser
14 verbose request no auth needed
15 info attempt registry request try #1 at 1:21:20 PM
16 verbose request id f8a533f0a4049440
17 verbose etag "3KNU3WZJ7F0F2WKSGUM4R6N4G"
18 http request GET https://registry.npmjs.org/body-parser
19 http 304 https://registry.npmjs.org/body-parser
20 verbose headers { date: 'Tue, 08 Dec 2015 18:21:29 GMT',
20 verbose headers   via: '1.1 varnish',
20 verbose headers   'cache-control': 'max-age=60',
20 verbose headers   etag: '"3KNU3WZJ7F0F2WKSGUM4R6N4G"',
20 verbose headers   age: '26',
20 verbose headers   connection: 'keep-alive',
20 verbose headers   'x-served-by': 'cache-iad2128-IAD',
20 verbose headers   'x-cache': 'HIT',
20 verbose headers   'x-cache-hits': '1',
20 verbose headers   'x-timer': 'S1449598889.028251,VS0,VE0',
20 verbose headers   vary: 'Accept' }
21 silly get cb [ 304,
21 silly get   { date: 'Tue, 08 Dec 2015 18:21:29 GMT',
21 silly get     via: '1.1 varnish',
21 silly get     'cache-control': 'max-age=60',
21 silly get     etag: '"3KNU3WZJ7F0F2WKSGUM4R6N4G"',
21 silly get     age: '26',
21 silly get     connection: 'keep-alive',
21 silly get     'x-served-by': 'cache-iad2128-IAD',
21 silly get     'x-cache': 'HIT',
21 silly get     'x-cache-hits': '1',
21 silly get     'x-timer': 'S1449598889.028251,VS0,VE0',
21 silly get     vary: 'Accept' } ]
22 verbose etag https://registry.npmjs.org/body-parser from cache
23 verbose get saving body-parser to C:\Users\Dumlao.Laplace\AppData\Roaming\npm-cache\registry.npmjs.org\body-parser\.cache.json
24 silly install normalizeTree
25 silly loadCurrentTree Finishing
26 silly loadIdealTree Starting
27 silly install loadIdealTree
28 silly cloneCurrentTree Starting
29 silly install cloneCurrentTreeToIdealTree
30 silly cloneCurrentTree Finishing
31 silly loadShrinkwrap Starting
32 silly install loadShrinkwrap
33 silly loadShrinkwrap Finishing
34 silly loadAllDepsIntoIdealTree Starting
35 silly install loadAllDepsIntoIdealTree
36 silly resolveWithNewModule body-parser@1.14.1 checking installable status
37 silly cache add args [ 'body-parser@^1.14.1', null ]
38 verbose cache add spec body-parser@^1.14.1
39 silly cache add parsed spec Result {
39 silly cache add   raw: 'body-parser@^1.14.1',
39 silly cache add   scope: null,
39 silly cache add   name: 'body-parser',
39 silly cache add   rawSpec: '^1.14.1',
39 silly cache add   spec: '>=1.14.1 <2.0.0',
39 silly cache add   type: 'range' }
40 silly addNamed body-parser@>=1.14.1 <2.0.0
41 verbose addNamed ">=1.14.1 <2.0.0" is a valid semver range for body-parser
42 silly addNameRange { name: 'body-parser', range: '>=1.14.1 <2.0.0', hasData: false }
43 silly mapToRegistry name body-parser
44 silly mapToRegistry using default registry
45 silly mapToRegistry registry https://registry.npmjs.org/
46 silly mapToRegistry uri https://registry.npmjs.org/body-parser
47 verbose addNameRange registry:https://registry.npmjs.org/body-parser not in flight; fetching
48 verbose get https://registry.npmjs.org/body-parser not expired, no request
49 silly addNameRange number 2 { name: 'body-parser', range: '>=1.14.1 <2.0.0', hasData: true }
50 silly addNameRange versions [ 'body-parser',
50 silly addNameRange   [ '1.0.0',
50 silly addNameRange     '1.0.1',
50 silly addNameRange     '1.0.2',
50 silly addNameRange     '1.1.0',
50 silly addNameRange     '1.1.1',
50 silly addNameRange     '1.1.2',
50 silly addNameRange     '1.2.0',
50 silly addNameRange     '1.2.1',
50 silly addNameRange     '1.2.2',
50 silly addNameRange     '1.3.0',
50 silly addNameRange     '1.3.1',
50 silly addNameRange     '1.4.0',
50 silly addNameRange     '1.4.1',
50 silly addNameRange     '1.4.2',
50 silly addNameRange     '1.4.3',
50 silly addNameRange     '1.5.0',
50 silly addNameRange     '1.5.1',
50 silly addNameRange     '1.5.2',
50 silly addNameRange     '1.6.0',
50 silly addNameRange     '1.6.1',
50 silly addNameRange     '1.6.2',
50 silly addNameRange     '1.6.3',
50 silly addNameRange     '1.6.4',
50 silly addNameRange     '1.6.5',
50 silly addNameRange     '1.6.6',
50 silly addNameRange     '1.6.7',
50 silly addNameRange     '1.7.0',
50 silly addNameRange     '1.8.0',
50 silly addNameRange     '1.8.1',
50 silly addNameRange     '1.8.2',
50 silly addNameRange     '1.8.3',
50 silly addNameRange     '1.8.4',
50 silly addNameRange     '1.9.0',
50 silly addNameRange     '1.9.1',
50 silly addNameRange     '1.9.2',
50 silly addNameRange     '1.9.3',
50 silly addNameRange     '1.10.0',
50 silly addNameRange     '1.10.1',
50 silly addNameRange     '1.10.2',
50 silly addNameRange     '1.11.0',
50 silly addNameRange     '1.12.0',
50 silly addNameRange     '1.12.1',
50 silly addNameRange     '1.12.2',
50 silly addNameRange     '1.12.3',
50 silly addNameRange     '1.12.4',
50 silly addNameRange     '1.13.0',
50 silly addNameRange     '1.13.1',
50 silly addNameRange     '1.13.2',
50 silly addNameRange     '1.13.3',
50 silly addNameRange     '1.14.0',
50 silly addNameRange     '1.14.1' ] ]
51 silly addNamed body-parser@1.14.1
52 verbose addNamed "1.14.1" is a plain semver version for body-parser
53 silly cache afterAdd body-parser@1.14.1
54 verbose afterAdd C:\Users\Dumlao.Laplace\AppData\Roaming\npm-cache\body-parser\1.14.1\package\package.json not in flight; writing
55 verbose afterAdd C:\Users\Dumlao.Laplace\AppData\Roaming\npm-cache\body-parser\1.14.1\package\package.json written
56 silly fetchNamedPackageData bytes
57 silly mapToRegistry name bytes
58 silly mapToRegistry using default registry
59 silly mapToRegistry registry https://registry.npmjs.org/
60 silly mapToRegistry uri https://registry.npmjs.org/bytes
61 silly fetchNamedPackageData content-type
62 silly mapToRegistry name content-type
63 silly mapToRegistry using default registry
64 silly mapToRegistry registry https://registry.npmjs.org/
65 silly mapToRegistry uri https://registry.npmjs.org/content-type
66 silly fetchNamedPackageData debug
67 silly mapToRegistry name debug
68 silly mapToRegistry using default registry
69 silly mapToRegistry registry https://registry.npmjs.org/
70 silly mapToRegistry uri https://registry.npmjs.org/debug
71 silly fetchNamedPackageData depd
72 silly mapToRegistry name depd
73 silly mapToRegistry using default registry
74 silly mapToRegistry registry https://registry.npmjs.org/
75 silly mapToRegistry uri https://registry.npmjs.org/depd
76 silly fetchNamedPackageData http-errors
77 silly mapToRegistry name http-errors
78 silly mapToRegistry using default registry
79 silly mapToRegistry registry https://registry.npmjs.org/
80 silly mapToRegistry uri https://registry.npmjs.org/http-errors
81 silly fetchNamedPackageData iconv-lite
82 silly mapToRegistry name iconv-lite
83 silly mapToRegistry using default registry
84 silly mapToRegistry registry https://registry.npmjs.org/
85 silly mapToRegistry uri https://registry.npmjs.org/iconv-lite
86 silly fetchNamedPackageData on-finished
87 silly mapToRegistry name on-finished
88 silly mapToRegistry using default registry
89 silly mapToRegistry registry https://registry.npmjs.org/
90 silly mapToRegistry uri https://registry.npmjs.org/on-finished
91 silly fetchNamedPackageData qs
92 silly mapToRegistry name qs
93 silly mapToRegistry using default registry
94 silly mapToRegistry registry https://registry.npmjs.org/
95 silly mapToRegistry uri https://registry.npmjs.org/qs
96 silly fetchNamedPackageData raw-body
97 silly mapToRegistry name raw-body
98 silly mapToRegistry using default registry
99 silly mapToRegistry registry https://registry.npmjs.org/
100 silly mapToRegistry uri https://registry.npmjs.org/raw-body
101 silly fetchNamedPackageData type-is
102 silly mapToRegistry name type-is
103 silly mapToRegistry using default registry
104 silly mapToRegistry registry https://registry.npmjs.org/
105 silly mapToRegistry uri https://registry.npmjs.org/type-is
106 verbose request uri https://registry.npmjs.org/bytes
107 verbose request no auth needed
108 info attempt registry request try #1 at 1:21:21 PM
109 verbose etag "9Z54CDPJPFB84A5EQY8A939AW"
110 http request GET https://registry.npmjs.org/bytes
111 verbose request uri https://registry.npmjs.org/content-type
112 verbose request no auth needed
113 info attempt registry request try #1 at 1:21:21 PM
114 verbose etag "A61HQDKGOUEM3F9DCWTGYV4NW"
115 http request GET https://registry.npmjs.org/content-type
116 verbose request uri https://registry.npmjs.org/debug
117 verbose request no auth needed
118 info attempt registry request try #1 at 1:21:21 PM
119 verbose etag "8QPX5VMZUSORM8R5JDLQRKUMF"
120 http request GET https://registry.npmjs.org/debug
121 verbose request uri https://registry.npmjs.org/depd
122 verbose request no auth needed
123 info attempt registry request try #1 at 1:21:21 PM
124 verbose etag "D51XQ8IB2NO2EXAU1UFAY1A1L"
125 http request GET https://registry.npmjs.org/depd
126 verbose request uri https://registry.npmjs.org/http-errors
127 verbose request no auth needed
128 info attempt registry request try #1 at 1:21:21 PM
129 verbose etag "634Y56TZCOOH3MCVN035HTW6Q"
130 http request GET https://registry.npmjs.org/http-errors
131 verbose request uri https://registry.npmjs.org/iconv-lite
132 verbose request no auth needed
133 info attempt registry request try #1 at 1:21:21 PM
134 verbose etag "D2GJLG0SQ7C19Y7RN0FGPX7UR"
135 http request GET https://registry.npmjs.org/iconv-lite
136 verbose request uri https://registry.npmjs.org/on-finished
137 verbose request no auth needed
138 info attempt registry request try #1 at 1:21:21 PM
139 verbose etag "C3B8WUFHDCUPW30V9K2VX45P3"
140 http request GET https://registry.npmjs.org/on-finished
141 verbose request uri https://registry.npmjs.org/qs
142 verbose request no auth needed
143 info attempt registry request try #1 at 1:21:21 PM
144 verbose etag "62A3STGTW7CHWE0GWO55SQ0UD"
145 http request GET https://registry.npmjs.org/qs
146 verbose request uri https://registry.npmjs.org/raw-body
147 verbose request no auth needed
148 info attempt registry request try #1 at 1:21:21 PM
149 verbose etag "E3KTT4MIR51RMO7KWFF1HCR2C"
150 http request GET https://registry.npmjs.org/raw-body
151 verbose request uri https://registry.npmjs.org/type-is
152 verbose request no auth needed
153 info attempt registry request try #1 at 1:21:21 PM
154 verbose etag "460R9QTM2R63TFO6D7HBETX5A"
155 http request GET https://registry.npmjs.org/type-is
156 http 304 https://registry.npmjs.org/content-type
157 verbose headers { date: 'Tue, 08 Dec 2015 18:21:29 GMT',
157 verbose headers   via: '1.1 varnish',
157 verbose headers   'cache-control': 'max-age=60',
157 verbose headers   etag: '"A61HQDKGOUEM3F9DCWTGYV4NW"',
157 verbose headers   age: '2',
157 verbose headers   connection: 'keep-alive',
157 verbose headers   'x-served-by': 'cache-iad2141-IAD',
157 verbose headers   'x-cache': 'HIT',
157 verbose headers   'x-cache-hits': '1',
157 verbose headers   'x-timer': 'S1449598889.627758,VS0,VE0',
157 verbose headers   vary: 'Accept' }
158 silly get cb [ 304,
158 silly get   { date: 'Tue, 08 Dec 2015 18:21:29 GMT',
158 silly get     via: '1.1 varnish',
158 silly get     'cache-control': 'max-age=60',
158 silly get     etag: '"A61HQDKGOUEM3F9DCWTGYV4NW"',
158 silly get     age: '2',
158 silly get     connection: 'keep-alive',
158 silly get     'x-served-by': 'cache-iad2141-IAD',
158 silly get     'x-cache': 'HIT',
158 silly get     'x-cache-hits': '1',
158 silly get     'x-timer': 'S1449598889.627758,VS0,VE0',
158 silly get     vary: 'Accept' } ]
159 verbose etag https://registry.npmjs.org/content-type from cache
160 verbose get saving content-type to C:\Users\Dumlao.Laplace\AppData\Roaming\npm-cache\registry.npmjs.org\content-type\.cache.json
161 http 304 https://registry.npmjs.org/bytes
162 verbose headers { date: 'Tue, 08 Dec 2015 18:21:29 GMT',
162 verbose headers   via: '1.1 varnish',
162 verbose headers   'cache-control': 'max-age=60',
162 verbose headers   etag: '"9Z54CDPJPFB84A5EQY8A939AW"',
162 verbose headers   age: '56',
162 verbose headers   connection: 'keep-alive',
162 verbose headers   'x-served-by': 'cache-iad2140-IAD',
162 verbose headers   'x-cache': 'HIT',
162 verbose headers   'x-cache-hits': '1',
162 verbose headers   'x-timer': 'S1449598889.629447,VS0,VE0',
162 verbose headers   vary: 'Accept' }
163 silly get cb [ 304,
163 silly get   { date: 'Tue, 08 Dec 2015 18:21:29 GMT',
163 silly get     via: '1.1 varnish',
163 silly get     'cache-control': 'max-age=60',
163 silly get     etag: '"9Z54CDPJPFB84A5EQY8A939AW"',
163 silly get     age: '56',
163 silly get     connection: 'keep-alive',
163 silly get     'x-served-by': 'cache-iad2140-IAD',
163 silly get     'x-cache': 'HIT',
163 silly get     'x-cache-hits': '1',
163 silly get     'x-timer': 'S1449598889.629447,VS0,VE0',
163 silly get     vary: 'Accept' } ]
164 verbose etag https://registry.npmjs.org/bytes from cache
165 verbose get saving bytes to C:\Users\Dumlao.Laplace\AppData\Roaming\npm-cache\registry.npmjs.org\bytes\.cache.json
166 http 304 https://registry.npmjs.org/debug
167 verbose headers { date: 'Tue, 08 Dec 2015 18:21:29 GMT',
167 verbose headers   via: '1.1 varnish',
167 verbose headers   'cache-control': 'max-age=60',
167 verbose headers   etag: '"8QPX5VMZUSORM8R5JDLQRKUMF"',
167 verbose headers   age: '59',
167 verbose headers   connection: 'keep-alive',
167 verbose headers   'x-served-by': 'cache-iad2144-IAD',
167 verbose headers   'x-cache': 'HIT',
167 verbose headers   'x-cache-hits': '3',
167 verbose headers   'x-timer': 'S1449598889.630361,VS0,VE0',
167 verbose headers   vary: 'Accept' }
168 silly get cb [ 304,
168 silly get   { date: 'Tue, 08 Dec 2015 18:21:29 GMT',
168 silly get     via: '1.1 varnish',
168 silly get     'cache-control': 'max-age=60',
168 silly get     etag: '"8QPX5VMZUSORM8R5JDLQRKUMF"',
168 silly get     age: '59',
168 silly get     connection: 'keep-alive',
168 silly get     'x-served-by': 'cache-iad2144-IAD',
168 silly get     'x-cache': 'HIT',
168 silly get     'x-cache-hits': '3',
168 silly get     'x-timer': 'S1449598889.630361,VS0,VE0',
168 silly get     vary: 'Accept' } ]
169 verbose etag https://registry.npmjs.org/debug from cache
170 verbose get saving debug to C:\Users\Dumlao.Laplace\AppData\Roaming\npm-cache\registry.npmjs.org\debug\.cache.json
171 http 304 https://registry.npmjs.org/depd
172 verbose headers { date: 'Tue, 08 Dec 2015 18:21:29 GMT',
172 verbose headers   via: '1.1 varnish',
172 verbose headers   'cache-control': 'max-age=60',
172 verbose headers   etag: '"D51XQ8IB2NO2EXAU1UFAY1A1L"',
172 verbose headers   age: '22',
172 verbose headers   connection: 'keep-alive',
172 verbose headers   'x-served-by': 'cache-iad2146-IAD',
172 verbose headers   'x-cache': 'HIT',
172 verbose headers   'x-cache-hits': '3',
172 verbose headers   'x-timer': 'S1449598889.630406,VS0,VE0',
172 verbose headers   vary: 'Accept' }
173 silly get cb [ 304,
173 silly get   { date: 'Tue, 08 Dec 2015 18:21:29 GMT',
173 silly get     via: '1.1 varnish',
173 silly get     'cache-control': 'max-age=60',
173 silly get     etag: '"D51XQ8IB2NO2EXAU1UFAY1A1L"',
173 silly get     age: '22',
173 silly get     connection: 'keep-alive',
173 silly get     'x-served-by': 'cache-iad2146-IAD',
173 silly get     'x-cache': 'HIT',
173 silly get     'x-cache-hits': '3',
173 silly get     'x-timer': 'S1449598889.630406,VS0,VE0',
173 silly get     vary: 'Accept' } ]
174 verbose etag https://registry.npmjs.org/depd from cache
175 verbose get saving depd to C:\Users\Dumlao.Laplace\AppData\Roaming\npm-cache\registry.npmjs.org\depd\.cache.json
176 http 304 https://registry.npmjs.org/iconv-lite
177 verbose headers { date: 'Tue, 08 Dec 2015 18:21:29 GMT',
177 verbose headers   via: '1.1 varnish',
177 verbose headers   'cache-control': 'max-age=60',
177 verbose headers   etag: '"D2GJLG0SQ7C19Y7RN0FGPX7UR"',
177 verbose headers   age: '46',
177 verbose headers   connection: 'keep-alive',
177 verbose headers   'x-served-by': 'cache-iad2133-IAD',
177 verbose headers   'x-cache': 'HIT',
177 verbose headers   'x-cache-hits': '1',
177 verbose headers   'x-timer': 'S1449598889.632512,VS0,VE0',
177 verbose headers   vary: 'Accept' }
178 silly get cb [ 304,
178 silly get   { date: 'Tue, 08 Dec 2015 18:21:29 GMT',
178 silly get     via: '1.1 varnish',
178 silly get     'cache-control': 'max-age=60',
178 silly get     etag: '"D2GJLG0SQ7C19Y7RN0FGPX7UR"',
178 silly get     age: '46',
178 silly get     connection: 'keep-alive',
178 silly get     'x-served-by': 'cache-iad2133-IAD',
178 silly get     'x-cache': 'HIT',
178 silly get     'x-cache-hits': '1',
178 silly get     'x-timer': 'S1449598889.632512,VS0,VE0',
178 silly get     vary: 'Accept' } ]
179 verbose etag https://registry.npmjs.org/iconv-lite from cache
180 verbose get saving iconv-lite to C:\Users\Dumlao.Laplace\AppData\Roaming\npm-cache\registry.npmjs.org\iconv-lite\.cache.json
181 http 304 https://registry.npmjs.org/http-errors
182 verbose headers { date: 'Tue, 08 Dec 2015 18:21:29 GMT',
182 verbose headers   via: '1.1 varnish',
182 verbose headers   'cache-control': 'max-age=60',
182 verbose headers   etag: '"634Y56TZCOOH3MCVN035HTW6Q"',
182 verbose headers   age: '38',
182 verbose headers   connection: 'keep-alive',
182 verbose headers   'x-served-by': 'cache-iad2145-IAD',
182 verbose headers   'x-cache': 'HIT',
182 verbose headers   'x-cache-hits': '2',
182 verbose headers   'x-timer': 'S1449598889.634139,VS0,VE0',
182 verbose headers   vary: 'Accept' }
183 silly get cb [ 304,
183 silly get   { date: 'Tue, 08 Dec 2015 18:21:29 GMT',
183 silly get     via: '1.1 varnish',
183 silly get     'cache-control': 'max-age=60',
183 silly get     etag: '"634Y56TZCOOH3MCVN035HTW6Q"',
183 silly get     age: '38',
183 silly get     connection: 'keep-alive',
183 silly get     'x-served-by': 'cache-iad2145-IAD',
183 silly get     'x-cache': 'HIT',
183 silly get     'x-cache-hits': '2',
183 silly get     'x-timer': 'S1449598889.634139,VS0,VE0',
183 silly get     vary: 'Accept' } ]
184 verbose etag https://registry.npmjs.org/http-errors from cache
185 verbose get saving http-errors to C:\Users\Dumlao.Laplace\AppData\Roaming\npm-cache\registry.npmjs.org\http-errors\.cache.json
186 http 304 https://registry.npmjs.org/on-finished
187 verbose headers { date: 'Tue, 08 Dec 2015 18:21:29 GMT',
187 verbose headers   via: '1.1 varnish',
187 verbose headers   'cache-control': 'max-age=60',
187 verbose headers   etag: '"C3B8WUFHDCUPW30V9K2VX45P3"',
187 verbose headers   age: '29',
187 verbose headers   connection: 'keep-alive',
187 verbose headers   'x-served-by': 'cache-iad2137-IAD',
187 verbose headers   'x-cache': 'HIT',
187 verbose headers   'x-cache-hits': '1',
187 verbose headers   'x-timer': 'S1449598889.634081,VS0,VE0',
187 verbose headers   vary: 'Accept' }
188 silly get cb [ 304,
188 silly get   { date: 'Tue, 08 Dec 2015 18:21:29 GMT',
188 silly get     via: '1.1 varnish',
188 silly get     'cache-control': 'max-age=60',
188 silly get     etag: '"C3B8WUFHDCUPW30V9K2VX45P3"',
188 silly get     age: '29',
188 silly get     connection: 'keep-alive',
188 silly get     'x-served-by': 'cache-iad2137-IAD',
188 silly get     'x-cache': 'HIT',
188 silly get     'x-cache-hits': '1',
188 silly get     'x-timer': 'S1449598889.634081,VS0,VE0',
188 silly get     vary: 'Accept' } ]
189 verbose etag https://registry.npmjs.org/on-finished from cache
190 verbose get saving on-finished to C:\Users\Dumlao.Laplace\AppData\Roaming\npm-cache\registry.npmjs.org\on-finished\.cache.json
191 http 304 https://registry.npmjs.org/qs
192 verbose headers { date: 'Tue, 08 Dec 2015 18:21:29 GMT',
192 verbose headers   via: '1.1 varnish',
192 verbose headers   'cache-control': 'max-age=60',
192 verbose headers   etag: '"62A3STGTW7CHWE0GWO55SQ0UD"',
192 verbose headers   age: '15',
192 verbose headers   connection: 'keep-alive',
192 verbose headers   'x-served-by': 'cache-iad2123-IAD',
192 verbose headers   'x-cache': 'HIT',
192 verbose headers   'x-cache-hits': '1',
192 verbose headers   'x-timer': 'S1449598889.635722,VS0,VE0',
192 verbose headers   vary: 'Accept' }
193 silly get cb [ 304,
193 silly get   { date: 'Tue, 08 Dec 2015 18:21:29 GMT',
193 silly get     via: '1.1 varnish',
193 silly get     'cache-control': 'max-age=60',
193 silly get     etag: '"62A3STGTW7CHWE0GWO55SQ0UD"',
193 silly get     age: '15',
193 silly get     connection: 'keep-alive',
193 silly get     'x-served-by': 'cache-iad2123-IAD',
193 silly get     'x-cache': 'HIT',
193 silly get     'x-cache-hits': '1',
193 silly get     'x-timer': 'S1449598889.635722,VS0,VE0',
193 silly get     vary: 'Accept' } ]
194 verbose etag https://registry.npmjs.org/qs from cache
195 verbose get saving qs to C:\Users\Dumlao.Laplace\AppData\Roaming\npm-cache\registry.npmjs.org\qs\.cache.json
196 http 304 https://registry.npmjs.org/raw-body
197 verbose headers { date: 'Tue, 08 Dec 2015 18:21:29 GMT',
197 verbose headers   via: '1.1 varnish',
197 verbose headers   'cache-control': 'max-age=60',
197 verbose headers   etag: '"E3KTT4MIR51RMO7KWFF1HCR2C"',
197 verbose headers   age: '53',
197 verbose headers   connection: 'keep-alive',
197 verbose headers   'x-served-by': 'cache-iad2143-IAD',
197 verbose headers   'x-cache': 'HIT',
197 verbose headers   'x-cache-hits': '2',
197 verbose headers   'x-timer': 'S1449598889.643076,VS0,VE0',
197 verbose headers   vary: 'Accept' }
198 silly get cb [ 304,
198 silly get   { date: 'Tue, 08 Dec 2015 18:21:29 GMT',
198 silly get     via: '1.1 varnish',
198 silly get     'cache-control': 'max-age=60',
198 silly get     etag: '"E3KTT4MIR51RMO7KWFF1HCR2C"',
198 silly get     age: '53',
198 silly get     connection: 'keep-alive',
198 silly get     'x-served-by': 'cache-iad2143-IAD',
198 silly get     'x-cache': 'HIT',
198 silly get     'x-cache-hits': '2',
198 silly get     'x-timer': 'S1449598889.643076,VS0,VE0',
198 silly get     vary: 'Accept' } ]
199 verbose etag https://registry.npmjs.org/raw-body from cache
200 verbose get saving raw-body to C:\Users\Dumlao.Laplace\AppData\Roaming\npm-cache\registry.npmjs.org\raw-body\.cache.json
201 http 304 https://registry.npmjs.org/type-is
202 verbose headers { date: 'Tue, 08 Dec 2015 18:21:29 GMT',
202 verbose headers   via: '1.1 varnish',
202 verbose headers   'cache-control': 'max-age=60',
202 verbose headers   etag: '"460R9QTM2R63TFO6D7HBETX5A"',
202 verbose headers   age: '20',
202 verbose headers   connection: 'keep-alive',
202 verbose headers   'x-served-by': 'cache-iad2128-IAD',
202 verbose headers   'x-cache': 'HIT',
202 verbose headers   'x-cache-hits': '1',
202 verbose headers   'x-timer': 'S1449598889.641578,VS0,VE0',
202 verbose headers   vary: 'Accept' }
203 silly get cb [ 304,
203 silly get   { date: 'Tue, 08 Dec 2015 18:21:29 GMT',
203 silly get     via: '1.1 varnish',
203 silly get     'cache-control': 'max-age=60',
203 silly get     etag: '"460R9QTM2R63TFO6D7HBETX5A"',
203 silly get     age: '20',
203 silly get     connection: 'keep-alive',
203 silly get     'x-served-by': 'cache-iad2128-IAD',
203 silly get     'x-cache': 'HIT',
203 silly get     'x-cache-hits': '1',
203 silly get     'x-timer': 'S1449598889.641578,VS0,VE0',
203 silly get     vary: 'Accept' } ]
204 verbose etag https://registry.npmjs.org/type-is from cache
205 verbose get saving type-is to C:\Users\Dumlao.Laplace\AppData\Roaming\npm-cache\registry.npmjs.org\type-is\.cache.json
206 silly resolveWithNewModule bytes@2.1.0 checking installable status
207 silly cache add args [ 'bytes@2.1.0', null ]
208 verbose cache add spec bytes@2.1.0
209 silly cache add parsed spec Result {
209 silly cache add   raw: 'bytes@2.1.0',
209 silly cache add   scope: null,
209 silly cache add   name: 'bytes',
209 silly cache add   rawSpec: '2.1.0',
209 silly cache add   spec: '2.1.0',
209 silly cache add   type: 'version' }
210 silly addNamed bytes@2.1.0
211 verbose addNamed "2.1.0" is a plain semver version for bytes
212 silly mapToRegistry name bytes
213 silly mapToRegistry using default registry
214 silly mapToRegistry registry https://registry.npmjs.org/
215 silly mapToRegistry uri https://registry.npmjs.org/bytes
216 verbose addNameVersion registry:https://registry.npmjs.org/bytes not in flight; fetching
217 silly resolveWithNewModule content-type@1.0.1 checking installable status
218 silly cache add args [ 'content-type@~1.0.1', null ]
219 verbose cache add spec content-type@~1.0.1
220 silly cache add parsed spec Result {
220 silly cache add   raw: 'content-type@~1.0.1',
220 silly cache add   scope: null,
220 silly cache add   name: 'content-type',
220 silly cache add   rawSpec: '~1.0.1',
220 silly cache add   spec: '>=1.0.1 <1.1.0',
220 silly cache add   type: 'range' }
221 silly addNamed content-type@>=1.0.1 <1.1.0
222 verbose addNamed ">=1.0.1 <1.1.0" is a valid semver range for content-type
223 silly addNameRange { name: 'content-type', range: '>=1.0.1 <1.1.0', hasData: false }
224 silly mapToRegistry name content-type
225 silly mapToRegistry using default registry
226 silly mapToRegistry registry https://registry.npmjs.org/
227 silly mapToRegistry uri https://registry.npmjs.org/content-type
228 verbose addNameRange registry:https://registry.npmjs.org/content-type not in flight; fetching
229 silly resolveWithNewModule debug@2.2.0 checking installable status
230 silly cache add args [ 'debug@~2.2.0', null ]
231 verbose cache add spec debug@~2.2.0
232 silly cache add parsed spec Result {
232 silly cache add   raw: 'debug@~2.2.0',
232 silly cache add   scope: null,
232 silly cache add   name: 'debug',
232 silly cache add   rawSpec: '~2.2.0',
232 silly cache add   spec: '>=2.2.0 <2.3.0',
232 silly cache add   type: 'range' }
233 silly addNamed debug@>=2.2.0 <2.3.0
234 verbose addNamed ">=2.2.0 <2.3.0" is a valid semver range for debug
235 silly addNameRange { name: 'debug', range: '>=2.2.0 <2.3.0', hasData: false }
236 silly mapToRegistry name debug
237 silly mapToRegistry using default registry
238 silly mapToRegistry registry https://registry.npmjs.org/
239 silly mapToRegistry uri https://registry.npmjs.org/debug
240 verbose addNameRange registry:https://registry.npmjs.org/debug not in flight; fetching
241 silly resolveWithNewModule http-errors@1.3.1 checking installable status
242 silly cache add args [ 'http-errors@~1.3.1', null ]
243 verbose cache add spec http-errors@~1.3.1
244 silly cache add parsed spec Result {
244 silly cache add   raw: 'http-errors@~1.3.1',
244 silly cache add   scope: null,
244 silly cache add   name: 'http-errors',
244 silly cache add   rawSpec: '~1.3.1',
244 silly cache add   spec: '>=1.3.1 <1.4.0',
244 silly cache add   type: 'range' }
245 silly addNamed http-errors@>=1.3.1 <1.4.0
246 verbose addNamed ">=1.3.1 <1.4.0" is a valid semver range for http-errors
247 silly addNameRange { name: 'http-errors', range: '>=1.3.1 <1.4.0', hasData: false }
248 silly mapToRegistry name http-errors
249 silly mapToRegistry using default registry
250 silly mapToRegistry registry https://registry.npmjs.org/
251 silly mapToRegistry uri https://registry.npmjs.org/http-errors
252 verbose addNameRange registry:https://registry.npmjs.org/http-errors not in flight; fetching
253 silly resolveWithNewModule iconv-lite@0.4.12 checking installable status
254 silly cache add args [ 'iconv-lite@0.4.12', null ]
255 verbose cache add spec iconv-lite@0.4.12
256 silly cache add parsed spec Result {
256 silly cache add   raw: 'iconv-lite@0.4.12',
256 silly cache add   scope: null,
256 silly cache add   name: 'iconv-lite',
256 silly cache add   rawSpec: '0.4.12',
256 silly cache add   spec: '0.4.12',
256 silly cache add   type: 'version' }
257 silly addNamed iconv-lite@0.4.12
258 verbose addNamed "0.4.12" is a plain semver version for iconv-lite
259 silly mapToRegistry name iconv-lite
260 silly mapToRegistry using default registry
261 silly mapToRegistry registry https://registry.npmjs.org/
262 silly mapToRegistry uri https://registry.npmjs.org/iconv-lite
263 verbose addNameVersion registry:https://registry.npmjs.org/iconv-lite not in flight; fetching
264 silly resolveWithNewModule depd@1.1.0 checking installable status
265 silly cache add args [ 'depd@~1.1.0', null ]
266 verbose cache add spec depd@~1.1.0
267 silly cache add parsed spec Result {
267 silly cache add   raw: 'depd@~1.1.0',
267 silly cache add   scope: null,
267 silly cache add   name: 'depd',
267 silly cache add   rawSpec: '~1.1.0',
267 silly cache add   spec: '>=1.1.0 <1.2.0',
267 silly cache add   type: 'range' }
268 silly addNamed depd@>=1.1.0 <1.2.0
269 verbose addNamed ">=1.1.0 <1.2.0" is a valid semver range for depd
270 silly addNameRange { name: 'depd', range: '>=1.1.0 <1.2.0', hasData: false }
271 silly mapToRegistry name depd
272 silly mapToRegistry using default registry
273 silly mapToRegistry registry https://registry.npmjs.org/
274 silly mapToRegistry uri https://registry.npmjs.org/depd
275 verbose addNameRange registry:https://registry.npmjs.org/depd not in flight; fetching
276 silly resolveWithNewModule qs@5.1.0 checking installable status
277 silly cache add args [ 'qs@5.1.0', null ]
278 verbose cache add spec qs@5.1.0
279 silly cache add parsed spec Result {
279 silly cache add   raw: 'qs@5.1.0',
279 silly cache add   scope: null,
279 silly cache add   name: 'qs',
279 silly cache add   rawSpec: '5.1.0',
279 silly cache add   spec: '5.1.0',
279 silly cache add   type: 'version' }
280 silly addNamed qs@5.1.0
281 verbose addNamed "5.1.0" is a plain semver version for qs
282 silly mapToRegistry name qs
283 silly mapToRegistry using default registry
284 silly mapToRegistry registry https://registry.npmjs.org/
285 silly mapToRegistry uri https://registry.npmjs.org/qs
286 verbose addNameVersion registry:https://registry.npmjs.org/qs not in flight; fetching
287 silly resolveWithNewModule raw-body@2.1.5 checking installable status
288 silly cache add args [ 'raw-body@~2.1.4', null ]
289 verbose cache add spec raw-body@~2.1.4
290 silly cache add parsed spec Result {
290 silly cache add   raw: 'raw-body@~2.1.4',
290 silly cache add   scope: null,
290 silly cache add   name: 'raw-body',
290 silly cache add   rawSpec: '~2.1.4',
290 silly cache add   spec: '>=2.1.4 <2.2.0',
290 silly cache add   type: 'range' }
291 silly addNamed raw-body@>=2.1.4 <2.2.0
292 verbose addNamed ">=2.1.4 <2.2.0" is a valid semver range for raw-body
293 silly addNameRange { name: 'raw-body', range: '>=2.1.4 <2.2.0', hasData: false }
294 silly mapToRegistry name raw-body
295 silly mapToRegistry using default registry
296 silly mapToRegistry registry https://registry.npmjs.org/
297 silly mapToRegistry uri https://registry.npmjs.org/raw-body
298 verbose addNameRange registry:https://registry.npmjs.org/raw-body not in flight; fetching
299 silly resolveWithNewModule on-finished@2.3.0 checking installable status
300 silly cache add args [ 'on-finished@~2.3.0', null ]
301 verbose cache add spec on-finished@~2.3.0
302 silly cache add parsed spec Result {
302 silly cache add   raw: 'on-finished@~2.3.0',
302 silly cache add   scope: null,
302 silly cache add   name: 'on-finished',
302 silly cache add   rawSpec: '~2.3.0',
302 silly cache add   spec: '>=2.3.0 <2.4.0',
302 silly cache add   type: 'range' }
303 silly addNamed on-finished@>=2.3.0 <2.4.0
304 verbose addNamed ">=2.3.0 <2.4.0" is a valid semver range for on-finished
305 silly addNameRange { name: 'on-finished', range: '>=2.3.0 <2.4.0', hasData: false }
306 silly mapToRegistry name on-finished
307 silly mapToRegistry using default registry
308 silly mapToRegistry registry https://registry.npmjs.org/
309 silly mapToRegistry uri https://registry.npmjs.org/on-finished
310 verbose addNameRange registry:https://registry.npmjs.org/on-finished not in flight; fetching
311 silly resolveWithNewModule type-is@1.6.10 checking installable status
312 silly cache add args [ 'type-is@~1.6.9', null ]
313 verbose cache add spec type-is@~1.6.9
314 silly cache add parsed spec Result {
314 silly cache add   raw: 'type-is@~1.6.9',
314 silly cache add   scope: null,
314 silly cache add   name: 'type-is',
314 silly cache add   rawSpec: '~1.6.9',
314 silly cache add   spec: '>=1.6.9 <1.7.0',
314 silly cache add   type: 'range' }
315 silly addNamed type-is@>=1.6.9 <1.7.0
316 verbose addNamed ">=1.6.9 <1.7.0" is a valid semver range for type-is
317 silly addNameRange { name: 'type-is', range: '>=1.6.9 <1.7.0', hasData: false }
318 silly mapToRegistry name type-is
319 silly mapToRegistry using default registry
320 silly mapToRegistry registry https://registry.npmjs.org/
321 silly mapToRegistry uri https://registry.npmjs.org/type-is
322 verbose addNameRange registry:https://registry.npmjs.org/type-is not in flight; fetching
323 verbose get https://registry.npmjs.org/bytes not expired, no request
324 verbose get https://registry.npmjs.org/content-type not expired, no request
325 silly addNameRange number 2 { name: 'content-type', range: '>=1.0.1 <1.1.0', hasData: true }
326 silly addNameRange versions [ 'content-type', [ '0.0.1', '1.0.0', '1.0.1' ] ]
327 silly addNamed content-type@1.0.1
328 verbose addNamed "1.0.1" is a plain semver version for content-type
329 verbose get https://registry.npmjs.org/debug not expired, no request
330 silly addNameRange number 2 { name: 'debug', range: '>=2.2.0 <2.3.0', hasData: true }
331 silly addNameRange versions [ 'debug',
331 silly addNameRange   [ '0.0.1',
331 silly addNameRange     '0.1.0',
331 silly addNameRange     '0.2.0',
331 silly addNameRange     '0.3.0',
331 silly addNameRange     '0.4.0',
331 silly addNameRange     '0.4.1',
331 silly addNameRange     '0.5.0',
331 silly addNameRange     '0.6.0',
331 silly addNameRange     '0.7.0',
331 silly addNameRange     '0.7.1',
331 silly addNameRange     '0.7.2',
331 silly addNameRange     '0.7.3',
331 silly addNameRange     '0.7.4',
331 silly addNameRange     '0.8.0',
331 silly addNameRange     '0.8.1',
331 silly addNameRange     '1.0.0',
331 silly addNameRange     '1.0.1',
331 silly addNameRange     '1.0.2',
331 silly addNameRange     '1.0.3',
331 silly addNameRange     '1.0.4',
331 silly addNameRange     '2.0.0',
331 silly addNameRange     '2.1.0',
331 silly addNameRange     '2.1.1',
331 silly addNameRange     '2.1.2',
331 silly addNameRange     '2.1.3',
331 silly addNameRange     '2.2.0' ] ]
332 silly addNamed debug@2.2.0
333 verbose addNamed "2.2.0" is a plain semver version for debug
334 verbose get https://registry.npmjs.org/http-errors not expired, no request
335 silly addNameRange number 2 { name: 'http-errors', range: '>=1.3.1 <1.4.0', hasData: true }
336 silly addNameRange versions [ 'http-errors',
336 silly addNameRange   [ '0.0.1',
336 silly addNameRange     '1.0.0',
336 silly addNameRange     '1.0.1',
336 silly addNameRange     '1.1.0',
336 silly addNameRange     '1.2.0',
336 silly addNameRange     '1.2.1',
336 silly addNameRange     '1.2.2',
336 silly addNameRange     '1.2.3',
336 silly addNameRange     '1.2.4',
336 silly addNameRange     '1.2.5',
336 silly addNameRange     '1.2.6',
336 silly addNameRange     '1.2.7',
336 silly addNameRange     '1.2.8',
336 silly addNameRange     '1.3.0',
336 silly addNameRange     '1.3.1' ] ]
337 silly addNamed http-errors@1.3.1
338 verbose addNamed "1.3.1" is a plain semver version for http-errors
339 verbose get https://registry.npmjs.org/iconv-lite not expired, no request
340 verbose get https://registry.npmjs.org/depd not expired, no request
341 silly addNameRange number 2 { name: 'depd', range: '>=1.1.0 <1.2.0', hasData: true }
342 silly addNameRange versions [ 'depd',
342 silly addNameRange   [ '0.0.0',
342 silly addNameRange     '0.0.1',
342 silly addNameRange     '0.1.0',
342 silly addNameRange     '0.2.0',
342 silly addNameRange     '0.3.0',
342 silly addNameRange     '0.4.0',
342 silly addNameRange     '0.4.1',
342 silly addNameRange     '0.4.2',
342 silly addNameRange     '0.4.3',
342 silly addNameRange     '0.4.4',
342 silly addNameRange     '0.4.5',
342 silly addNameRange     '1.0.0',
342 silly addNameRange     '1.0.1',
342 silly addNameRange     '1.1.0' ] ]
343 silly addNamed depd@1.1.0
344 verbose addNamed "1.1.0" is a plain semver version for depd
345 verbose get https://registry.npmjs.org/qs not expired, no request
346 verbose get https://registry.npmjs.org/raw-body not expired, no request
347 silly addNameRange number 2 { name: 'raw-body', range: '>=2.1.4 <2.2.0', hasData: true }
348 silly addNameRange versions [ 'raw-body',
348 silly addNameRange   [ '0.0.1',
348 silly addNameRange     '0.0.2',
348 silly addNameRange     '0.0.3',
348 silly addNameRange     '0.1.0',
348 silly addNameRange     '0.1.1',
348 silly addNameRange     '0.2.0',
348 silly addNameRange     '1.0.0',
348 silly addNameRange     '1.0.1',
348 silly addNameRange     '1.1.0',
348 silly addNameRange     '1.1.1',
348 silly addNameRange     '1.1.2',
348 silly addNameRange     '1.1.3',
348 silly addNameRange     '1.1.4',
348 silly addNameRange     '1.1.5',
348 silly addNameRange     '1.1.6',
348 silly addNameRange     '1.1.7',
348 silly addNameRange     '1.2.0',
348 silly addNameRange     '1.2.1',
348 silly addNameRange     '1.2.2',
348 silly addNameRange     '1.2.3',
348 silly addNameRange     '1.3.0',
348 silly addNameRange     '1.3.1',
348 silly addNameRange     '1.3.2',
348 silly addNameRange     '1.3.3',
348 silly addNameRange     '1.3.4',
348 silly addNameRange     '2.0.0',
348 silly addNameRange     '2.0.1',
348 silly addNameRange     '2.0.2',
348 silly addNameRange     '2.1.0',
348 silly addNameRange     '2.1.1',
348 silly addNameRange     '2.1.2',
348 silly addNameRange     '2.1.3',
348 silly addNameRange     '2.1.4',
348 silly addNameRange     '2.1.5' ] ]
349 silly addNamed raw-body@2.1.5
350 verbose addNamed "2.1.5" is a plain semver version for raw-body
351 verbose get https://registry.npmjs.org/on-finished not expired, no request
352 silly addNameRange number 2 { name: 'on-finished', range: '>=2.3.0 <2.4.0', hasData: true }
353 silly addNameRange versions [ 'on-finished',
353 silly addNameRange   [ '2.0.0', '2.1.0', '2.1.1', '2.2.0', '2.2.1', '2.3.0' ] ]
354 silly addNamed on-finished@2.3.0
355 verbose addNamed "2.3.0" is a plain semver version for on-finished
356 verbose get https://registry.npmjs.org/type-is not expired, no request
357 silly addNameRange number 2 { name: 'type-is', range: '>=1.6.9 <1.7.0', hasData: true }
358 silly addNameRange versions [ 'type-is',
358 silly addNameRange   [ '1.0.0',
358 silly addNameRange     '1.0.1',
358 silly addNameRange     '1.1.0',
358 silly addNameRange     '1.2.0',
358 silly addNameRange     '1.2.1',
358 silly addNameRange     '1.2.2',
358 silly addNameRange     '1.3.0',
358 silly addNameRange     '1.3.1',
358 silly addNameRange     '1.3.2',
358 silly addNameRange     '1.4.0',
358 silly addNameRange     '1.5.0',
358 silly addNameRange     '1.5.1',
358 silly addNameRange     '1.5.2',
358 silly addNameRange     '1.5.3',
358 silly addNameRange     '1.5.4',
358 silly addNameRange     '1.5.5',
358 silly addNameRange     '1.5.6',
358 silly addNameRange     '1.5.7',
358 silly addNameRange     '1.6.0',
358 silly addNameRange     '1.6.1',
358 silly addNameRange     '1.6.2',
358 silly addNameRange     '1.6.3',
358 silly addNameRange     '1.6.4',
358 silly addNameRange     '1.6.5',
358 silly addNameRange     '1.6.6',
358 silly addNameRange     '1.6.7',
358 silly addNameRange     '1.6.8',
358 silly addNameRange     '1.6.9',
358 silly addNameRange     '1.6.10' ] ]
359 silly addNamed type-is@1.6.10
360 verbose addNamed "1.6.10" is a plain semver version for type-is
361 silly cache afterAdd bytes@2.1.0
362 verbose afterAdd C:\Users\Dumlao.Laplace\AppData\Roaming\npm-cache\bytes\2.1.0\package\package.json not in flight; writing
363 silly cache afterAdd content-type@1.0.1
364 verbose afterAdd C:\Users\Dumlao.Laplace\AppData\Roaming\npm-cache\content-type\1.0.1\package\package.json not in flight; writing
365 silly cache afterAdd debug@2.2.0
366 verbose afterAdd C:\Users\Dumlao.Laplace\AppData\Roaming\npm-cache\debug\2.2.0\package\package.json not in flight; writing
367 silly cache afterAdd http-errors@1.3.1
368 verbose afterAdd C:\Users\Dumlao.Laplace\AppData\Roaming\npm-cache\http-errors\1.3.1\package\package.json not in flight; writing
369 silly cache afterAdd iconv-lite@0.4.12
370 verbose afterAdd C:\Users\Dumlao.Laplace\AppData\Roaming\npm-cache\iconv-lite\0.4.12\package\package.json not in flight; writing
371 silly cache afterAdd depd@1.1.0
372 verbose afterAdd C:\Users\Dumlao.Laplace\AppData\Roaming\npm-cache\depd\1.1.0\package\package.json not in flight; writing
373 silly cache afterAdd qs@5.1.0
374 verbose afterAdd C:\Users\Dumlao.Laplace\AppData\Roaming\npm-cache\qs\5.1.0\package\package.json not in flight; writing
375 silly cache afterAdd raw-body@2.1.5
376 verbose afterAdd C:\Users\Dumlao.Laplace\AppData\Roaming\npm-cache\raw-body\2.1.5\package\package.json not in flight; writing
377 silly cache afterAdd on-finished@2.3.0
378 verbose afterAdd C:\Users\Dumlao.Laplace\AppData\Roaming\npm-cache\on-finished\2.3.0\package\package.json not in flight; writing
379 silly cache afterAdd type-is@1.6.10
380 verbose afterAdd C:\Users\Dumlao.Laplace\AppData\Roaming\npm-cache\type-is\1.6.10\package\package.json not in flight; writing
381 verbose afterAdd C:\Users\Dumlao.Laplace\AppData\Roaming\npm-cache\bytes\2.1.0\package\package.json written
382 verbose afterAdd C:\Users\Dumlao.Laplace\AppData\Roaming\npm-cache\content-type\1.0.1\package\package.json written
383 verbose afterAdd C:\Users\Dumlao.Laplace\AppData\Roaming\npm-cache\http-errors\1.3.1\package\package.json written
384 verbose afterAdd C:\Users\Dumlao.Laplace\AppData\Roaming\npm-cache\debug\2.2.0\package\package.json written
385 verbose afterAdd C:\Users\Dumlao.Laplace\AppData\Roaming\npm-cache\qs\5.1.0\package\package.json written
386 verbose afterAdd C:\Users\Dumlao.Laplace\AppData\Roaming\npm-cache\iconv-lite\0.4.12\package\package.json written
387 verbose afterAdd C:\Users\Dumlao.Laplace\AppData\Roaming\npm-cache\depd\1.1.0\package\package.json written
388 verbose afterAdd C:\Users\Dumlao.Laplace\AppData\Roaming\npm-cache\raw-body\2.1.5\package\package.json written
389 verbose afterAdd C:\Users\Dumlao.Laplace\AppData\Roaming\npm-cache\on-finished\2.3.0\package\package.json written
390 verbose afterAdd C:\Users\Dumlao.Laplace\AppData\Roaming\npm-cache\type-is\1.6.10\package\package.json written
391 silly fetchNamedPackageData ms
392 silly mapToRegistry name ms
393 silly mapToRegistry using default registry
394 silly mapToRegistry registry https://registry.npmjs.org/
395 silly mapToRegistry uri https://registry.npmjs.org/ms
396 verbose request uri https://registry.npmjs.org/ms
397 verbose request no auth needed
398 info attempt registry request try #1 at 1:21:22 PM
399 verbose etag "EP53UMG3H8UKSISBUYB6L4BM9"
400 http request GET https://registry.npmjs.org/ms
401 http 304 https://registry.npmjs.org/ms
402 verbose headers { date: 'Tue, 08 Dec 2015 18:21:30 GMT',
402 verbose headers   via: '1.1 varnish',
402 verbose headers   'cache-control': 'max-age=60',
402 verbose headers   etag: '"EP53UMG3H8UKSISBUYB6L4BM9"',
402 verbose headers   age: '17',
402 verbose headers   connection: 'keep-alive',
402 verbose headers   'x-served-by': 'cache-iad2140-IAD',
402 verbose headers   'x-cache': 'HIT',
402 verbose headers   'x-cache-hits': '4',
402 verbose headers   'x-timer': 'S1449598890.873395,VS0,VE0',
402 verbose headers   vary: 'Accept' }
403 silly get cb [ 304,
403 silly get   { date: 'Tue, 08 Dec 2015 18:21:30 GMT',
403 silly get     via: '1.1 varnish',
403 silly get     'cache-control': 'max-age=60',
403 silly get     etag: '"EP53UMG3H8UKSISBUYB6L4BM9"',
403 silly get     age: '17',
403 silly get     connection: 'keep-alive',
403 silly get     'x-served-by': 'cache-iad2140-IAD',
403 silly get     'x-cache': 'HIT',
403 silly get     'x-cache-hits': '4',
403 silly get     'x-timer': 'S1449598890.873395,VS0,VE0',
403 silly get     vary: 'Accept' } ]
404 verbose etag https://registry.npmjs.org/ms from cache
405 verbose get saving ms to C:\Users\Dumlao.Laplace\AppData\Roaming\npm-cache\registry.npmjs.org\ms\.cache.json
406 silly resolveWithNewModule ms@0.7.1 checking installable status
407 silly cache add args [ 'ms@0.7.1', null ]
408 verbose cache add spec ms@0.7.1
409 silly cache add parsed spec Result {
409 silly cache add   raw: 'ms@0.7.1',
409 silly cache add   scope: null,
409 silly cache add   name: 'ms',
409 silly cache add   rawSpec: '0.7.1',
409 silly cache add   spec: '0.7.1',
409 silly cache add   type: 'version' }
410 silly addNamed ms@0.7.1
411 verbose addNamed "0.7.1" is a plain semver version for ms
412 silly mapToRegistry name ms
413 silly mapToRegistry using default registry
414 silly mapToRegistry registry https://registry.npmjs.org/
415 silly mapToRegistry uri https://registry.npmjs.org/ms
416 verbose addNameVersion registry:https://registry.npmjs.org/ms not in flight; fetching
417 verbose get https://registry.npmjs.org/ms not expired, no request
418 silly cache afterAdd ms@0.7.1
419 verbose afterAdd C:\Users\Dumlao.Laplace\AppData\Roaming\npm-cache\ms\0.7.1\package\package.json not in flight; writing
420 verbose afterAdd C:\Users\Dumlao.Laplace\AppData\Roaming\npm-cache\ms\0.7.1\package\package.json written
421 silly fetchNamedPackageData inherits
422 silly mapToRegistry name inherits
423 silly mapToRegistry using default registry
424 silly mapToRegistry registry https://registry.npmjs.org/
425 silly mapToRegistry uri https://registry.npmjs.org/inherits
426 silly fetchNamedPackageData statuses
427 silly mapToRegistry name statuses
428 silly mapToRegistry using default registry
429 silly mapToRegistry registry https://registry.npmjs.org/
430 silly mapToRegistry uri https://registry.npmjs.org/statuses
431 verbose request uri https://registry.npmjs.org/inherits
432 verbose request no auth needed
433 info attempt registry request try #1 at 1:21:22 PM
434 verbose etag "CERC4URX8EKVASPFPHVBBMCEU"
435 http request GET https://registry.npmjs.org/inherits
436 verbose request uri https://registry.npmjs.org/statuses
437 verbose request no auth needed
438 info attempt registry request try #1 at 1:21:22 PM
439 verbose etag "H1Q3PFJ8YNW59N54W2R9543S"
440 http request GET https://registry.npmjs.org/statuses
441 http 304 https://registry.npmjs.org/inherits
442 verbose headers { date: 'Tue, 08 Dec 2015 18:21:31 GMT',
442 verbose headers   via: '1.1 varnish',
442 verbose headers   'cache-control': 'max-age=60',
442 verbose headers   etag: '"CERC4URX8EKVASPFPHVBBMCEU"',
442 verbose headers   age: '13',
442 verbose headers   connection: 'keep-alive',
442 verbose headers   'x-served-by': 'cache-iad2129-IAD',
442 verbose headers   'x-cache': 'HIT',
442 verbose headers   'x-cache-hits': '2',
442 verbose headers   'x-timer': 'S1449598891.004642,VS0,VE0',
442 verbose headers   vary: 'Accept' }
443 silly get cb [ 304,
443 silly get   { date: 'Tue, 08 Dec 2015 18:21:31 GMT',
443 silly get     via: '1.1 varnish',
443 silly get     'cache-control': 'max-age=60',
443 silly get     etag: '"CERC4URX8EKVASPFPHVBBMCEU"',
443 silly get     age: '13',
443 silly get     connection: 'keep-alive',
443 silly get     'x-served-by': 'cache-iad2129-IAD',
443 silly get     'x-cache': 'HIT',
443 silly get     'x-cache-hits': '2',
443 silly get     'x-timer': 'S1449598891.004642,VS0,VE0',
443 silly get     vary: 'Accept' } ]
444 verbose etag https://registry.npmjs.org/inherits from cache
445 verbose get saving inherits to C:\Users\Dumlao.Laplace\AppData\Roaming\npm-cache\registry.npmjs.org\inherits\.cache.json
446 http 304 https://registry.npmjs.org/statuses
447 verbose headers { date: 'Tue, 08 Dec 2015 18:21:31 GMT',
447 verbose headers   via: '1.1 varnish',
447 verbose headers   'cache-control': 'max-age=60',
447 verbose headers   etag: '"H1Q3PFJ8YNW59N54W2R9543S"',
447 verbose headers   age: '26',
447 verbose headers   connection: 'keep-alive',
447 verbose headers   'x-served-by': 'cache-iad2128-IAD',
447 verbose headers   'x-cache': 'HIT',
447 verbose headers   'x-cache-hits': '1',
447 verbose headers   'x-timer': 'S1449598891.005956,VS0,VE0',
447 verbose headers   vary: 'Accept' }
448 silly get cb [ 304,
448 silly get   { date: 'Tue, 08 Dec 2015 18:21:31 GMT',
448 silly get     via: '1.1 varnish',
448 silly get     'cache-control': 'max-age=60',
448 silly get     etag: '"H1Q3PFJ8YNW59N54W2R9543S"',
448 silly get     age: '26',
448 silly get     connection: 'keep-alive',
448 silly get     'x-served-by': 'cache-iad2128-IAD',
448 silly get     'x-cache': 'HIT',
448 silly get     'x-cache-hits': '1',
448 silly get     'x-timer': 'S1449598891.005956,VS0,VE0',
448 silly get     vary: 'Accept' } ]
449 verbose etag https://registry.npmjs.org/statuses from cache
450 verbose get saving statuses to C:\Users\Dumlao.Laplace\AppData\Roaming\npm-cache\registry.npmjs.org\statuses\.cache.json
451 silly resolveWithNewModule inherits@2.0.1 checking installable status
452 silly cache add args [ 'inherits@~2.0.1', null ]
453 verbose cache add spec inherits@~2.0.1
454 silly cache add parsed spec Result {
454 silly cache add   raw: 'inherits@~2.0.1',
454 silly cache add   scope: null,
454 silly cache add   name: 'inherits',
454 silly cache add   rawSpec: '~2.0.1',
454 silly cache add   spec: '>=2.0.1 <2.1.0',
454 silly cache add   type: 'range' }
455 silly addNamed inherits@>=2.0.1 <2.1.0
456 verbose addNamed ">=2.0.1 <2.1.0" is a valid semver range for inherits
457 silly addNameRange { name: 'inherits', range: '>=2.0.1 <2.1.0', hasData: false }
458 silly mapToRegistry name inherits
459 silly mapToRegistry using default registry
460 silly mapToRegistry registry https://registry.npmjs.org/
461 silly mapToRegistry uri https://registry.npmjs.org/inherits
462 verbose addNameRange registry:https://registry.npmjs.org/inherits not in flight; fetching
463 silly resolveWithNewModule statuses@1.2.1 checking installable status
464 silly cache add args [ 'statuses@1', null ]
465 verbose cache add spec statuses@1
466 silly cache add parsed spec Result {
466 silly cache add   raw: 'statuses@1',
466 silly cache add   scope: null,
466 silly cache add   name: 'statuses',
466 silly cache add   rawSpec: '1',
466 silly cache add   spec: '>=1.0.0 <2.0.0',
466 silly cache add   type: 'range' }
467 silly addNamed statuses@>=1.0.0 <2.0.0
468 verbose addNamed ">=1.0.0 <2.0.0" is a valid semver range for statuses
469 silly addNameRange { name: 'statuses', range: '>=1.0.0 <2.0.0', hasData: false }
470 silly mapToRegistry name statuses
471 silly mapToRegistry using default registry
472 silly mapToRegistry registry https://registry.npmjs.org/
473 silly mapToRegistry uri https://registry.npmjs.org/statuses
474 verbose addNameRange registry:https://registry.npmjs.org/statuses not in flight; fetching
475 verbose get https://registry.npmjs.org/inherits not expired, no request
476 silly addNameRange number 2 { name: 'inherits', range: '>=2.0.1 <2.1.0', hasData: true }
477 silly addNameRange versions [ 'inherits', [ '1.0.0', '2.0.0', '2.0.1', '1.0.1', '1.0.2' ] ]
478 silly addNamed inherits@2.0.1
479 verbose addNamed "2.0.1" is a plain semver version for inherits
480 verbose get https://registry.npmjs.org/statuses not expired, no request
481 silly addNameRange number 2 { name: 'statuses', range: '>=1.0.0 <2.0.0', hasData: true }
482 silly addNameRange versions [ 'statuses',
482 silly addNameRange   [ '1.0.1',
482 silly addNameRange     '1.0.2',
482 silly addNameRange     '1.0.3',
482 silly addNameRange     '1.0.4',
482 silly addNameRange     '1.1.0',
482 silly addNameRange     '1.1.1',
482 silly addNameRange     '1.2.0',
482 silly addNameRange     '1.2.1' ] ]
483 silly addNamed statuses@1.2.1
484 verbose addNamed "1.2.1" is a plain semver version for statuses
485 silly cache afterAdd inherits@2.0.1
486 verbose afterAdd C:\Users\Dumlao.Laplace\AppData\Roaming\npm-cache\inherits\2.0.1\package\package.json not in flight; writing
487 silly cache afterAdd statuses@1.2.1
488 verbose afterAdd C:\Users\Dumlao.Laplace\AppData\Roaming\npm-cache\statuses\1.2.1\package\package.json not in flight; writing
489 verbose afterAdd C:\Users\Dumlao.Laplace\AppData\Roaming\npm-cache\inherits\2.0.1\package\package.json written
490 verbose afterAdd C:\Users\Dumlao.Laplace\AppData\Roaming\npm-cache\statuses\1.2.1\package\package.json written
491 silly fetchNamedPackageData ee-first
492 silly mapToRegistry name ee-first
493 silly mapToRegistry using default registry
494 silly mapToRegistry registry https://registry.npmjs.org/
495 silly mapToRegistry uri https://registry.npmjs.org/ee-first
496 verbose request uri https://registry.npmjs.org/ee-first
497 verbose request no auth needed
498 info attempt registry request try #1 at 1:21:23 PM
499 verbose etag "EW7HUPO511C8N9STEHQ36QDJO"
500 http request GET https://registry.npmjs.org/ee-first
501 http 304 https://registry.npmjs.org/ee-first
502 verbose headers { date: 'Tue, 08 Dec 2015 18:21:31 GMT',
502 verbose headers   via: '1.1 varnish',
502 verbose headers   'cache-control': 'max-age=60',
502 verbose headers   etag: '"EW7HUPO511C8N9STEHQ36QDJO"',
502 verbose headers   age: '23',
502 verbose headers   connection: 'keep-alive',
502 verbose headers   'x-served-by': 'cache-iad2145-IAD',
502 verbose headers   'x-cache': 'HIT',
502 verbose headers   'x-cache-hits': '1',
502 verbose headers   'x-timer': 'S1449598891.151860,VS0,VE0',
502 verbose headers   vary: 'Accept' }
503 silly get cb [ 304,
503 silly get   { date: 'Tue, 08 Dec 2015 18:21:31 GMT',
503 silly get     via: '1.1 varnish',
503 silly get     'cache-control': 'max-age=60',
503 silly get     etag: '"EW7HUPO511C8N9STEHQ36QDJO"',
503 silly get     age: '23',
503 silly get     connection: 'keep-alive',
503 silly get     'x-served-by': 'cache-iad2145-IAD',
503 silly get     'x-cache': 'HIT',
503 silly get     'x-cache-hits': '1',
503 silly get     'x-timer': 'S1449598891.151860,VS0,VE0',
503 silly get     vary: 'Accept' } ]
504 verbose etag https://registry.npmjs.org/ee-first from cache
505 verbose get saving ee-first to C:\Users\Dumlao.Laplace\AppData\Roaming\npm-cache\registry.npmjs.org\ee-first\.cache.json
506 silly resolveWithNewModule ee-first@1.1.1 checking installable status
507 silly cache add args [ 'ee-first@1.1.1', null ]
508 verbose cache add spec ee-first@1.1.1
509 silly cache add parsed spec Result {
509 silly cache add   raw: 'ee-first@1.1.1',
509 silly cache add   scope: null,
509 silly cache add   name: 'ee-first',
509 silly cache add   rawSpec: '1.1.1',
509 silly cache add   spec: '1.1.1',
509 silly cache add   type: 'version' }
510 silly addNamed ee-first@1.1.1
511 verbose addNamed "1.1.1" is a plain semver version for ee-first
512 silly mapToRegistry name ee-first
513 silly mapToRegistry using default registry
514 silly mapToRegistry registry https://registry.npmjs.org/
515 silly mapToRegistry uri https://registry.npmjs.org/ee-first
516 verbose addNameVersion registry:https://registry.npmjs.org/ee-first not in flight; fetching
517 verbose get https://registry.npmjs.org/ee-first not expired, no request
518 silly cache afterAdd ee-first@1.1.1
519 verbose afterAdd C:\Users\Dumlao.Laplace\AppData\Roaming\npm-cache\ee-first\1.1.1\package\package.json not in flight; writing
520 verbose afterAdd C:\Users\Dumlao.Laplace\AppData\Roaming\npm-cache\ee-first\1.1.1\package\package.json written
521 silly fetchNamedPackageData bytes
522 silly mapToRegistry name bytes
523 silly mapToRegistry using default registry
524 silly mapToRegistry registry https://registry.npmjs.org/
525 silly mapToRegistry uri https://registry.npmjs.org/bytes
526 silly resolveWithNewModule bytes@2.2.0 checking installable status
527 silly cache add args [ 'bytes@2.2.0', null ]
528 verbose cache add spec bytes@2.2.0
529 silly fetchNamedPackageData iconv-lite
530 silly mapToRegistry name iconv-lite
531 silly mapToRegistry using default registry
532 silly mapToRegistry registry https://registry.npmjs.org/
533 silly mapToRegistry uri https://registry.npmjs.org/iconv-lite
534 silly resolveWithNewModule iconv-lite@0.4.13 checking installable status
535 silly cache add args [ 'iconv-lite@0.4.13', null ]
536 verbose cache add spec iconv-lite@0.4.13
537 silly fetchNamedPackageData unpipe
538 silly mapToRegistry name unpipe
539 silly mapToRegistry using default registry
540 silly mapToRegistry registry https://registry.npmjs.org/
541 silly mapToRegistry uri https://registry.npmjs.org/unpipe
542 silly cache add parsed spec Result {
542 silly cache add   raw: 'bytes@2.2.0',
542 silly cache add   scope: null,
542 silly cache add   name: 'bytes',
542 silly cache add   rawSpec: '2.2.0',
542 silly cache add   spec: '2.2.0',
542 silly cache add   type: 'version' }
543 silly addNamed bytes@2.2.0
544 verbose addNamed "2.2.0" is a plain semver version for bytes
545 silly mapToRegistry name bytes
546 silly mapToRegistry using default registry
547 silly mapToRegistry registry https://registry.npmjs.org/
548 silly mapToRegistry uri https://registry.npmjs.org/bytes
549 verbose addNameVersion registry:https://registry.npmjs.org/bytes not in flight; fetching
550 silly cache add parsed spec Result {
550 silly cache add   raw: 'iconv-lite@0.4.13',
550 silly cache add   scope: null,
550 silly cache add   name: 'iconv-lite',
550 silly cache add   rawSpec: '0.4.13',
550 silly cache add   spec: '0.4.13',
550 silly cache add   type: 'version' }
551 silly addNamed iconv-lite@0.4.13
552 verbose addNamed "0.4.13" is a plain semver version for iconv-lite
553 silly mapToRegistry name iconv-lite
554 silly mapToRegistry using default registry
555 silly mapToRegistry registry https://registry.npmjs.org/
556 silly mapToRegistry uri https://registry.npmjs.org/iconv-lite
557 verbose addNameVersion registry:https://registry.npmjs.org/iconv-lite not in flight; fetching
558 verbose request uri https://registry.npmjs.org/unpipe
559 verbose request no auth needed
560 info attempt registry request try #1 at 1:21:23 PM
561 verbose etag "CUYWL81QRNALZ6DFGKEASW9Q0"
562 http request GET https://registry.npmjs.org/unpipe
563 verbose get https://registry.npmjs.org/bytes not expired, no request
564 verbose get https://registry.npmjs.org/iconv-lite not expired, no request
565 silly cache afterAdd bytes@2.2.0
566 verbose afterAdd C:\Users\Dumlao.Laplace\AppData\Roaming\npm-cache\bytes\2.2.0\package\package.json not in flight; writing
567 silly cache afterAdd iconv-lite@0.4.13
568 verbose afterAdd C:\Users\Dumlao.Laplace\AppData\Roaming\npm-cache\iconv-lite\0.4.13\package\package.json not in flight; writing
569 verbose afterAdd C:\Users\Dumlao.Laplace\AppData\Roaming\npm-cache\bytes\2.2.0\package\package.json written
570 verbose afterAdd C:\Users\Dumlao.Laplace\AppData\Roaming\npm-cache\iconv-lite\0.4.13\package\package.json written
571 http 304 https://registry.npmjs.org/unpipe
572 verbose headers { date: 'Tue, 08 Dec 2015 18:21:31 GMT',
572 verbose headers   via: '1.1 varnish',
572 verbose headers   'cache-control': 'max-age=60',
572 verbose headers   etag: '"CUYWL81QRNALZ6DFGKEASW9Q0"',
572 verbose headers   age: '29',
572 verbose headers   connection: 'keep-alive',
572 verbose headers   'x-served-by': 'cache-iad2132-IAD',
572 verbose headers   'x-cache': 'HIT',
572 verbose headers   'x-cache-hits': '1',
572 verbose headers   'x-timer': 'S1449598891.354962,VS0,VE0',
572 verbose headers   vary: 'Accept' }
573 silly get cb [ 304,
573 silly get   { date: 'Tue, 08 Dec 2015 18:21:31 GMT',
573 silly get     via: '1.1 varnish',
573 silly get     'cache-control': 'max-age=60',
573 silly get     etag: '"CUYWL81QRNALZ6DFGKEASW9Q0"',
573 silly get     age: '29',
573 silly get     connection: 'keep-alive',
573 silly get     'x-served-by': 'cache-iad2132-IAD',
573 silly get     'x-cache': 'HIT',
573 silly get     'x-cache-hits': '1',
573 silly get     'x-timer': 'S1449598891.354962,VS0,VE0',
573 silly get     vary: 'Accept' } ]
574 verbose etag https://registry.npmjs.org/unpipe from cache
575 verbose get saving unpipe to C:\Users\Dumlao.Laplace\AppData\Roaming\npm-cache\registry.npmjs.org\unpipe\.cache.json
576 silly resolveWithNewModule unpipe@1.0.0 checking installable status
577 silly cache add args [ 'unpipe@1.0.0', null ]
578 verbose cache add spec unpipe@1.0.0
579 silly cache add parsed spec Result {
579 silly cache add   raw: 'unpipe@1.0.0',
579 silly cache add   scope: null,
579 silly cache add   name: 'unpipe',
579 silly cache add   rawSpec: '1.0.0',
579 silly cache add   spec: '1.0.0',
579 silly cache add   type: 'version' }
580 silly addNamed unpipe@1.0.0
581 verbose addNamed "1.0.0" is a plain semver version for unpipe
582 silly mapToRegistry name unpipe
583 silly mapToRegistry using default registry
584 silly mapToRegistry registry https://registry.npmjs.org/
585 silly mapToRegistry uri https://registry.npmjs.org/unpipe
586 verbose addNameVersion registry:https://registry.npmjs.org/unpipe not in flight; fetching
587 verbose get https://registry.npmjs.org/unpipe not expired, no request
588 silly cache afterAdd unpipe@1.0.0
589 verbose afterAdd C:\Users\Dumlao.Laplace\AppData\Roaming\npm-cache\unpipe\1.0.0\package\package.json not in flight; writing
590 verbose afterAdd C:\Users\Dumlao.Laplace\AppData\Roaming\npm-cache\unpipe\1.0.0\package\package.json written
591 silly fetchNamedPackageData media-typer
592 silly mapToRegistry name media-typer
593 silly mapToRegistry using default registry
594 silly mapToRegistry registry https://registry.npmjs.org/
595 silly mapToRegistry uri https://registry.npmjs.org/media-typer
596 silly fetchNamedPackageData mime-types
597 silly mapToRegistry name mime-types
598 silly mapToRegistry using default registry
599 silly mapToRegistry registry https://registry.npmjs.org/
600 silly mapToRegistry uri https://registry.npmjs.org/mime-types
601 verbose request uri https://registry.npmjs.org/media-typer
602 verbose request no auth needed
603 info attempt registry request try #1 at 1:21:23 PM
604 verbose etag "EBBA17SMBE80K6FCTCN6G8KK3"
605 http request GET https://registry.npmjs.org/media-typer
606 verbose request uri https://registry.npmjs.org/mime-types
607 verbose request no auth needed
608 info attempt registry request try #1 at 1:21:23 PM
609 verbose etag "55G6VQV9FNIL3CA9BLMGO352Y"
610 http request GET https://registry.npmjs.org/mime-types
611 http 304 https://registry.npmjs.org/media-typer
612 verbose headers { date: 'Tue, 08 Dec 2015 18:21:31 GMT',
612 verbose headers   via: '1.1 varnish',
612 verbose headers   'cache-control': 'max-age=60',
612 verbose headers   etag: '"EBBA17SMBE80K6FCTCN6G8KK3"',
612 verbose headers   age: '20',
612 verbose headers   connection: 'keep-alive',
612 verbose headers   'x-served-by': 'cache-iad2138-IAD',
612 verbose headers   'x-cache': 'HIT',
612 verbose headers   'x-cache-hits': '1',
612 verbose headers   'x-timer': 'S1449598891.488848,VS0,VE0',
612 verbose headers   vary: 'Accept' }
613 silly get cb [ 304,
613 silly get   { date: 'Tue, 08 Dec 2015 18:21:31 GMT',
613 silly get     via: '1.1 varnish',
613 silly get     'cache-control': 'max-age=60',
613 silly get     etag: '"EBBA17SMBE80K6FCTCN6G8KK3"',
613 silly get     age: '20',
613 silly get     connection: 'keep-alive',
613 silly get     'x-served-by': 'cache-iad2138-IAD',
613 silly get     'x-cache': 'HIT',
613 silly get     'x-cache-hits': '1',
613 silly get     'x-timer': 'S1449598891.488848,VS0,VE0',
613 silly get     vary: 'Accept' } ]
614 verbose etag https://registry.npmjs.org/media-typer from cache
615 verbose get saving media-typer to C:\Users\Dumlao.Laplace\AppData\Roaming\npm-cache\registry.npmjs.org\media-typer\.cache.json
616 http 304 https://registry.npmjs.org/mime-types
617 verbose headers { date: 'Tue, 08 Dec 2015 18:21:31 GMT',
617 verbose headers   via: '1.1 varnish',
617 verbose headers   'cache-control': 'max-age=60',
617 verbose headers   etag: '"55G6VQV9FNIL3CA9BLMGO352Y"',
617 verbose headers   age: '60',
617 verbose headers   connection: 'keep-alive',
617 verbose headers   'x-served-by': 'cache-iad2148-IAD',
617 verbose headers   'x-cache': 'HIT',
617 verbose headers   'x-cache-hits': '6',
617 verbose headers   'x-timer': 'S1449598891.495398,VS0,VE0',
617 verbose headers   vary: 'Accept' }
618 silly get cb [ 304,
618 silly get   { date: 'Tue, 08 Dec 2015 18:21:31 GMT',
618 silly get     via: '1.1 varnish',
618 silly get     'cache-control': 'max-age=60',
618 silly get     etag: '"55G6VQV9FNIL3CA9BLMGO352Y"',
618 silly get     age: '60',
618 silly get     connection: 'keep-alive',
618 silly get     'x-served-by': 'cache-iad2148-IAD',
618 silly get     'x-cache': 'HIT',
618 silly get     'x-cache-hits': '6',
618 silly get     'x-timer': 'S1449598891.495398,VS0,VE0',
618 silly get     vary: 'Accept' } ]
619 verbose etag https://registry.npmjs.org/mime-types from cache
620 verbose get saving mime-types to C:\Users\Dumlao.Laplace\AppData\Roaming\npm-cache\registry.npmjs.org\mime-types\.cache.json
621 silly resolveWithNewModule media-typer@0.3.0 checking installable status
622 silly cache add args [ 'media-typer@0.3.0', null ]
623 verbose cache add spec media-typer@0.3.0
624 silly cache add parsed spec Result {
624 silly cache add   raw: 'media-typer@0.3.0',
624 silly cache add   scope: null,
624 silly cache add   name: 'media-typer',
624 silly cache add   rawSpec: '0.3.0',
624 silly cache add   spec: '0.3.0',
624 silly cache add   type: 'version' }
625 silly addNamed media-typer@0.3.0
626 verbose addNamed "0.3.0" is a plain semver version for media-typer
627 silly mapToRegistry name media-typer
628 silly mapToRegistry using default registry
629 silly mapToRegistry registry https://registry.npmjs.org/
630 silly mapToRegistry uri https://registry.npmjs.org/media-typer
631 verbose addNameVersion registry:https://registry.npmjs.org/media-typer not in flight; fetching
632 silly resolveWithNewModule mime-types@2.1.8 checking installable status
633 silly cache add args [ 'mime-types@~2.1.8', null ]
634 verbose cache add spec mime-types@~2.1.8
635 silly cache add parsed spec Result {
635 silly cache add   raw: 'mime-types@~2.1.8',
635 silly cache add   scope: null,
635 silly cache add   name: 'mime-types',
635 silly cache add   rawSpec: '~2.1.8',
635 silly cache add   spec: '>=2.1.8 <2.2.0',
635 silly cache add   type: 'range' }
636 silly addNamed mime-types@>=2.1.8 <2.2.0
637 verbose addNamed ">=2.1.8 <2.2.0" is a valid semver range for mime-types
638 silly addNameRange { name: 'mime-types', range: '>=2.1.8 <2.2.0', hasData: false }
639 silly mapToRegistry name mime-types
640 silly mapToRegistry using default registry
641 silly mapToRegistry registry https://registry.npmjs.org/
642 silly mapToRegistry uri https://registry.npmjs.org/mime-types
643 verbose addNameRange registry:https://registry.npmjs.org/mime-types not in flight; fetching
644 verbose get https://registry.npmjs.org/media-typer not expired, no request
645 verbose get https://registry.npmjs.org/mime-types not expired, no request
646 silly addNameRange number 2 { name: 'mime-types', range: '>=2.1.8 <2.2.0', hasData: true }
647 silly addNameRange versions [ 'mime-types',
647 silly addNameRange   [ '0.1.0',
647 silly addNameRange     '1.0.0',
647 silly addNameRange     '1.0.1',
647 silly addNameRange     '1.0.2',
647 silly addNameRange     '2.0.0',
647 silly addNameRange     '2.0.1',
647 silly addNameRange     '2.0.2',
647 silly addNameRange     '2.0.3',
647 silly addNameRange     '2.0.4',
647 silly addNameRange     '2.0.5',
647 silly addNameRange     '2.0.6',
647 silly addNameRange     '2.0.7',
647 silly addNameRange     '2.0.8',
647 silly addNameRange     '2.0.9',
647 silly addNameRange     '2.0.10',
647 silly addNameRange     '2.0.11',
647 silly addNameRange     '2.0.12',
647 silly addNameRange     '2.0.13',
647 silly addNameRange     '2.0.14',
647 silly addNameRange     '2.1.0',
647 silly addNameRange     '2.1.1',
647 silly addNameRange     '2.1.2',
647 silly addNameRange     '2.1.3',
647 silly addNameRange     '2.1.4',
647 silly addNameRange     '2.1.5',
647 silly addNameRange     '2.1.6',
647 silly addNameRange     '2.1.7',
647 silly addNameRange     '2.1.8' ] ]
648 silly addNamed mime-types@2.1.8
649 verbose addNamed "2.1.8" is a plain semver version for mime-types
650 silly cache afterAdd media-typer@0.3.0
651 verbose afterAdd C:\Users\Dumlao.Laplace\AppData\Roaming\npm-cache\media-typer\0.3.0\package\package.json not in flight; writing
652 silly cache afterAdd mime-types@2.1.8
653 verbose afterAdd C:\Users\Dumlao.Laplace\AppData\Roaming\npm-cache\mime-types\2.1.8\package\package.json not in flight; writing
654 verbose afterAdd C:\Users\Dumlao.Laplace\AppData\Roaming\npm-cache\media-typer\0.3.0\package\package.json written
655 verbose afterAdd C:\Users\Dumlao.Laplace\AppData\Roaming\npm-cache\mime-types\2.1.8\package\package.json written
656 silly fetchNamedPackageData mime-db
657 silly mapToRegistry name mime-db
658 silly mapToRegistry using default registry
659 silly mapToRegistry registry https://registry.npmjs.org/
660 silly mapToRegistry uri https://registry.npmjs.org/mime-db
661 verbose request uri https://registry.npmjs.org/mime-db
662 verbose request no auth needed
663 info attempt registry request try #1 at 1:21:23 PM
664 verbose etag "2HCBL2PJV8L2FKB3EKM4J98CJ"
665 http request GET https://registry.npmjs.org/mime-db
666 http 304 https://registry.npmjs.org/mime-db
667 verbose headers { date: 'Tue, 08 Dec 2015 18:21:31 GMT',
667 verbose headers   via: '1.1 varnish',
667 verbose headers   'cache-control': 'max-age=60',
667 verbose headers   etag: '"2HCBL2PJV8L2FKB3EKM4J98CJ"',
667 verbose headers   age: '27',
667 verbose headers   connection: 'keep-alive',
667 verbose headers   'x-served-by': 'cache-iad2128-IAD',
667 verbose headers   'x-cache': 'HIT',
667 verbose headers   'x-cache-hits': '5',
667 verbose headers   'x-timer': 'S1449598891.676405,VS0,VE0',
667 verbose headers   vary: 'Accept' }
668 silly get cb [ 304,
668 silly get   { date: 'Tue, 08 Dec 2015 18:21:31 GMT',
668 silly get     via: '1.1 varnish',
668 silly get     'cache-control': 'max-age=60',
668 silly get     etag: '"2HCBL2PJV8L2FKB3EKM4J98CJ"',
668 silly get     age: '27',
668 silly get     connection: 'keep-alive',
668 silly get     'x-served-by': 'cache-iad2128-IAD',
668 silly get     'x-cache': 'HIT',
668 silly get     'x-cache-hits': '5',
668 silly get     'x-timer': 'S1449598891.676405,VS0,VE0',
668 silly get     vary: 'Accept' } ]
669 verbose etag https://registry.npmjs.org/mime-db from cache
670 verbose get saving mime-db to C:\Users\Dumlao.Laplace\AppData\Roaming\npm-cache\registry.npmjs.org\mime-db\.cache.json
671 silly resolveWithNewModule mime-db@1.20.0 checking installable status
672 silly cache add args [ 'mime-db@~1.20.0', null ]
673 verbose cache add spec mime-db@~1.20.0
674 silly cache add parsed spec Result {
674 silly cache add   raw: 'mime-db@~1.20.0',
674 silly cache add   scope: null,
674 silly cache add   name: 'mime-db',
674 silly cache add   rawSpec: '~1.20.0',
674 silly cache add   spec: '>=1.20.0 <1.21.0',
674 silly cache add   type: 'range' }
675 silly addNamed mime-db@>=1.20.0 <1.21.0
676 verbose addNamed ">=1.20.0 <1.21.0" is a valid semver range for mime-db
677 silly addNameRange { name: 'mime-db', range: '>=1.20.0 <1.21.0', hasData: false }
678 silly mapToRegistry name mime-db
679 silly mapToRegistry using default registry
680 silly mapToRegistry registry https://registry.npmjs.org/
681 silly mapToRegistry uri https://registry.npmjs.org/mime-db
682 verbose addNameRange registry:https://registry.npmjs.org/mime-db not in flight; fetching
683 verbose get https://registry.npmjs.org/mime-db not expired, no request
684 silly addNameRange number 2 { name: 'mime-db', range: '>=1.20.0 <1.21.0', hasData: true }
685 silly addNameRange versions [ 'mime-db',
685 silly addNameRange   [ '0.0.0',
685 silly addNameRange     '1.0.0',
685 silly addNameRange     '1.0.1',
685 silly addNameRange     '1.0.2',
685 silly addNameRange     '1.0.3',
685 silly addNameRange     '1.1.0',
685 silly addNameRange     '1.1.1',
685 silly addNameRange     '1.1.2',
685 silly addNameRange     '1.2.0',
685 silly addNameRange     '1.3.0',
685 silly addNameRange     '1.3.1',
685 silly addNameRange     '1.4.0',
685 silly addNameRange     '1.5.0',
685 silly addNameRange     '1.6.0',
685 silly addNameRange     '1.6.1',
685 silly addNameRange     '1.7.0',
685 silly addNameRange     '1.8.0',
685 silly addNameRange     '1.9.0',
685 silly addNameRange     '1.9.1',
685 silly addNameRange     '1.10.0',
685 silly addNameRange     '1.11.0',
685 silly addNameRange     '1.12.0',
685 silly addNameRange     '1.13.0',
685 silly addNameRange     '1.14.0',
685 silly addNameRange     '1.15.0',
685 silly addNameRange     '1.16.0',
685 silly addNameRange     '1.17.0',
685 silly addNameRange     '1.18.0',
685 silly addNameRange     '1.19.0',
685 silly addNameRange     '1.20.0' ] ]
686 silly addNamed mime-db@1.20.0
687 verbose addNamed "1.20.0" is a plain semver version for mime-db
688 silly cache afterAdd mime-db@1.20.0
689 verbose afterAdd C:\Users\Dumlao.Laplace\AppData\Roaming\npm-cache\mime-db\1.20.0\package\package.json not in flight; writing
690 verbose afterAdd C:\Users\Dumlao.Laplace\AppData\Roaming\npm-cache\mime-db\1.20.0\package\package.json written
691 verbose stack TypeError: Cannot read property 'localeCompare' of undefined
691 verbose stack     at installOrder (C:\Program Files\nodejs\node_modules\npm\lib\install\deps.js:241:32)
691 verbose stack     at Array.sort (native)
691 verbose stack     at C:\Program Files\nodejs\node_modules\npm\lib\install\deps.js:240:27
691 verbose stack     at cb (C:\Program Files\nodejs\node_modules\npm\node_modules\slide\lib\async-map.js:47:24)
691 verbose stack     at resolveWithExistingModule (C:\Program Files\nodejs\node_modules\npm\lib\install\deps.js:377:3)
691 verbose stack     at C:\Program Files\nodejs\node_modules\npm\lib\install\deps.js:347:5
691 verbose stack     at C:\Program Files\nodejs\node_modules\npm\node_modules\slide\lib\async-map.js:52:35
691 verbose stack     at Array.forEach (native)
691 verbose stack     at C:\Program Files\nodejs\node_modules\npm\node_modules\slide\lib\async-map.js:52:11
691 verbose stack     at Array.forEach (native)
692 verbose cwd C:\Users\Dumlao\UNI\330\project\DB-330-FRD
693 error Windows_NT 6.3.9600
694 error argv "C:\\Program Files\\nodejs\\node.exe" "C:\\Program Files\\nodejs\\node_modules\\npm\\bin\\npm-cli.js" "install" "body-parser" "--save"
695 error node v5.0.0
696 error npm  v3.3.6
697 error Cannot read property 'localeCompare' of undefined
698 error If you need help, you may report this error at:
698 error     <https://github.com/npm/npm/issues>
699 verbose exit [ 1, true ]
